<?xml version="1.0" encoding="UTF-8"?>
<testsuite xmlns:xsi="http://www.w3.org/2001/XMLSchema-instance" xsi:noNamespaceSchemaLocation="https://maven.apache.org/surefire/maven-surefire-plugin/xsd/surefire-test-report.xsd" name="com.example.springboot.controller.StudentControllerTest" time="2.896" tests="2" errors="0" skipped="0" failures="0">
  <properties>
[...]
</properties>
  <testcase name="retrieveDetailsForCourse" classname="com.example.springboot.controller.StudentControllerTest" time="0.152"/>
  <testcase name="createStudentCourse" classname="com.example.springboot.controller.StudentControllerTest" time="0.046"/>
</testsuite>